<?xml version='1.1' encoding='UTF-8'?>
<result plugin="junit@1.27">
  <suites>
    <suite>
      <file>D:\jenkins\workspace\test2\SQLDMTestAutomation\SQLDMTestAutomation\bin\Debug\Reports\current-report.rxlog.junit.xml</file>
      <name>SQLDMTestAutomation</name>
      <duration>66.0</duration>
      <timestamp>2019-03-19T07:27:33</timestamp>
      <time>66</time>
      <enclosingBlocks/>
      <enclosingBlockNames/>
      <cases>
        <case>
          <duration>65.0</duration>
          <className>SQLDMTestAutomation</className>
          <testName>C166355_Verify_Query_Store_option_is_NOT_selected_by_default_for_2017_and_above_versions</testName>
          <skipped>false</skipped>
          <errorStackTrace>---[Error] Failed to wait for item to exist.&lt;br/&gt;Failed to find item &apos;SQLDMTestAutomationRepository.SQLDM.IderaSQLDiagnosticManagerSQLdmRepo.SQLDMToday&apos;.&lt;br/&gt;No element found for path &apos;/form[@title~&apos;^Idera\ SQL\ diagnostic\ mana&apos;]//container[@automationid=&apos;viewContainer&apos;]/container[@automationid=&apos;windowsFormsHostControl&apos;]/?/?/container[@controlname=&apos;_child&apos;]//toolbar[@controlname=&apos;headerStrip&apos;]/text[@accessiblename=&apos;SQLDM Today&apos;]&apos; within 1m.---
	[modulepath] SQLDMTestAutomation\C166355_Verify_Query_Store_option_is_NOT_selected_by_default_for_2017_and_above_versions\LaunchApplication
	[stacktrace]    at Ranorex.Core.Repository.RepoItemInfo.WaitForExists(Duration waitTimeout)
   at SQLDMTestAutomation.SQLDMRecordings.LaunchApplication.Ranorex.Core.Testing.ITestModule.Run() in d:\jenkins\workspace\test2\SQLDMTestAutomation\SQLDMTestAutomation\SQLDMRecordings\LaunchApplication.cs:line 99
   at Ranorex.Core.Testing.TestModuleLeaf.RunInternal(DataContext parentDataContext, Int32 iteration, Int32 iterationCount, Boolean skipIteration)
	[codefile] d:\jenkins\workspace\test2\SQLDMTestAutomation\SQLDMTestAutomation\SQLDMRecordings\LaunchApplication.cs
	[codeline] 99
	[loglvl] Error
	[id] 0a7c7718a97047cfbbdacba2e04e6f8a
	[path] /form[@title~&apos;^Idera\ SQL\ diagnostic\ mana&apos;]//container[@automationid=&apos;viewContainer&apos;]/container[@automationid=&apos;windowsFormsHostControl&apos;]/?/?/container[@controlname=&apos;_child&apos;]//toolbar[@controlname=&apos;headerStrip&apos;]/text[@accessiblename=&apos;SQLDM Today&apos;]
	[fullname] SQLDMTestAutomationRepository.SQLDM.IderaSQLDiagnosticManagerSQLdmRepo.SQLDMToday
	[itemindex] 5

</errorStackTrace>
          <errorDetails>The test case has errors.</errorDetails>
          <stdout>---[Info] Waiting for 0ms.---
	[timeout] 0
-----------------------------
---[Info] Run application &apos;C:\Program Files\Idera\Idera SQL diagnostic manager\SQLdmDesktopClient.exe&apos; with arguments &apos;&apos; in normal mode.---
	[itemindex] 3
	[codefile] d:\jenkins\workspace\test2\SQLDMTestAutomation\SQLDMTestAutomation\SQLDMRecordings\LaunchApplication.cs
-------------------------------------------------------------------------------------------------------------------------------------------
---[Info] Waiting for 0ms.---
	[timeout] 0
-----------------------------
---[Info] Waiting for 3s.---
	[itemindex] 4
	[codefile] d:\jenkins\workspace\test2\SQLDMTestAutomation\SQLDMTestAutomation\SQLDMRecordings\LaunchApplication.cs
----------------------------
---[Info] Waiting for 3000ms.---
	[timeout] 3000
--------------------------------
---[Info] Waiting 1m to exist. Associated repository item: &apos;SQLDM.IderaSQLDiagnosticManagerSQLdmRepo.SQLDMToday&apos;---
	[type] repoitem
	[path] /form[@title~&apos;^Idera\ SQL\ diagnostic\ mana&apos;]//container[@automationid=&apos;viewContainer&apos;]/container[@automationid=&apos;windowsFormsHostControl&apos;]/?/?/container[@controlname=&apos;_child&apos;]//toolbar[@controlname=&apos;headerStrip&apos;]/text[@accessiblename=&apos;SQLDM Today&apos;]
	[itempath] .//container[@automationid=&apos;viewContainer&apos;]/container[@automationid=&apos;windowsFormsHostControl&apos;]/?/?/container[@controlname=&apos;_child&apos;]//toolbar[@controlname=&apos;headerStrip&apos;]/text[@accessiblename=&apos;SQLDM Today&apos;]
	[fullname] SQLDMTestAutomationRepository.SQLDM.IderaSQLDiagnosticManagerSQLdmRepo.SQLDMToday
	[id] 0a7c7718a97047cfbbdacba2e04e6f8a
	[timeout] 60000
	[codefile] d:\jenkins\workspace\test2\SQLDMTestAutomation\SQLDMTestAutomation\SQLDMRecordings\LaunchApplication.cs
	[itemindex] 5
-------------------------------------------------------------------------------------------------------------------
---[Error] Failed to wait for item to exist.&lt;br/&gt;Failed to find item &apos;SQLDMTestAutomationRepository.SQLDM.IderaSQLDiagnosticManagerSQLdmRepo.SQLDMToday&apos;.&lt;br/&gt;No element found for path &apos;/form[@title~&apos;^Idera\ SQL\ diagnostic\ mana&apos;]//container[@automationid=&apos;viewContainer&apos;]/container[@automationid=&apos;windowsFormsHostControl&apos;]/?/?/container[@controlname=&apos;_child&apos;]//toolbar[@controlname=&apos;headerStrip&apos;]/text[@accessiblename=&apos;SQLDM Today&apos;]&apos; within 1m.---
	[stacktrace]    at Ranorex.Core.Repository.RepoItemInfo.WaitForExists(Duration waitTimeout)
   at SQLDMTestAutomation.SQLDMRecordings.LaunchApplication.Ranorex.Core.Testing.ITestModule.Run() in d:\jenkins\workspace\test2\SQLDMTestAutomation\SQLDMTestAutomation\SQLDMRecordings\LaunchApplication.cs:line 99
   at Ranorex.Core.Testing.TestModuleLeaf.RunInternal(DataContext parentDataContext, Int32 iteration, Int32 iterationCount, Boolean skipIteration)
	[codefile] d:\jenkins\workspace\test2\SQLDMTestAutomation\SQLDMTestAutomation\SQLDMRecordings\LaunchApplication.cs
	[id] 0a7c7718a97047cfbbdacba2e04e6f8a
	[path] /form[@title~&apos;^Idera\ SQL\ diagnostic\ mana&apos;]//container[@automationid=&apos;viewContainer&apos;]/container[@automationid=&apos;windowsFormsHostControl&apos;]/?/?/container[@controlname=&apos;_child&apos;]//toolbar[@controlname=&apos;headerStrip&apos;]/text[@accessiblename=&apos;SQLDM Today&apos;]
	[fullname] SQLDMTestAutomationRepository.SQLDM.IderaSQLDiagnosticManagerSQLdmRepo.SQLDMToday
	[itemindex] 5
----------------------------------------------------------------------------------------------------------------------------------------------------------------------------------------------------------------------------------------------------------------------------------------------------------------------------------------------------------------------------------------------------------------------------------------------------------------
</stdout>
          <stderr>---[Error] Failed to wait for item to exist.&lt;br/&gt;Failed to find item &apos;SQLDMTestAutomationRepository.SQLDM.IderaSQLDiagnosticManagerSQLdmRepo.SQLDMToday&apos;.&lt;br/&gt;No element found for path &apos;/form[@title~&apos;^Idera\ SQL\ diagnostic\ mana&apos;]//container[@automationid=&apos;viewContainer&apos;]/container[@automationid=&apos;windowsFormsHostControl&apos;]/?/?/container[@controlname=&apos;_child&apos;]//toolbar[@controlname=&apos;headerStrip&apos;]/text[@accessiblename=&apos;SQLDM Today&apos;]&apos; within 1m.---
	[modulepath] SQLDMTestAutomation\C166355_Verify_Query_Store_option_is_NOT_selected_by_default_for_2017_and_above_versions\LaunchApplication
	[stacktrace]    at Ranorex.Core.Repository.RepoItemInfo.WaitForExists(Duration waitTimeout)
   at SQLDMTestAutomation.SQLDMRecordings.LaunchApplication.Ranorex.Core.Testing.ITestModule.Run() in d:\jenkins\workspace\test2\SQLDMTestAutomation\SQLDMTestAutomation\SQLDMRecordings\LaunchApplication.cs:line 99
   at Ranorex.Core.Testing.TestModuleLeaf.RunInternal(DataContext parentDataContext, Int32 iteration, Int32 iterationCount, Boolean skipIteration)
	[codefile] d:\jenkins\workspace\test2\SQLDMTestAutomation\SQLDMTestAutomation\SQLDMRecordings\LaunchApplication.cs
	[codeline] 99
	[loglvl] Error
	[id] 0a7c7718a97047cfbbdacba2e04e6f8a
	[path] /form[@title~&apos;^Idera\ SQL\ diagnostic\ mana&apos;]//container[@automationid=&apos;viewContainer&apos;]/container[@automationid=&apos;windowsFormsHostControl&apos;]/?/?/container[@controlname=&apos;_child&apos;]//toolbar[@controlname=&apos;headerStrip&apos;]/text[@accessiblename=&apos;SQLDM Today&apos;]
	[fullname] SQLDMTestAutomationRepository.SQLDM.IderaSQLDiagnosticManagerSQLdmRepo.SQLDMToday
	[itemindex] 5

</stderr>
          <failedSince>1</failedSince>
        </case>
      </cases>
    </suite>
  </suites>
  <duration>66.0</duration>
  <keepLongStdio>false</keepLongStdio>
</result>